<?xml version="1.0" encoding="UTF-8"?>
<testsuite xmlns:xsi="http://www.w3.org/2001/XMLSchema-instance" xsi:noNamespaceSchemaLocation="https://maven.apache.org/surefire/maven-surefire-plugin/xsd/surefire-test-report.xsd" name="EMPTY_NAME" time="38.318" tests="4" errors="0" skipped="0" failures="0">
  <properties>
[...]
</properties>
  <testcase name="EMPTY_NAME" classname="EMPTY_NAME" time="12.307"/>
  <testcase name="EMPTY_NAME" classname="EMPTY_NAME" time="11.445"/>
  <testcase name="EMPTY_NAME" classname="EMPTY_NAME" time="6.883"/>
  <testcase name="EMPTY_NAME" classname="EMPTY_NAME" time="7.68"/>
</testsuite>